<?xml version="1.0" encoding="UTF-8"?>
<testng-results ignored="0" total="1" passed="1" failed="0" skipped="0">
  <reporter-output>
  </reporter-output>
  <suite started-at="2026-06-08T18:21:49 IST" name="GUI Automation Suite" finished-at="2026-06-08T18:24:06 IST" duration-ms="136776">
    <groups>
    </groups>
    <test started-at="2026-06-08T18:21:49 IST" name="GUI Automation Test" finished-at="2026-06-08T18:24:06 IST" duration-ms="136776">
      <class name="com.automation.tests.GUIElementsTest">
        <test-method is-config="true" signature="setup()[pri:0, instance:com.automation.tests.GUIElementsTest@48075da3]" started-at="2026-06-08T18:21:49 IST" name="setup" finished-at="2026-06-08T18:21:56 IST" duration-ms="6409" status="PASS">
          <reporter-output>
          </reporter-output>
        </test-method> <!-- setup -->
        <test-method signature="automateGUIElements()[pri:0, instance:com.automation.tests.GUIElementsTest@48075da3]" started-at="2026-06-08T18:21:56 IST" name="automateGUIElements" finished-at="2026-06-08T18:24:06 IST" duration-ms="129808" status="PASS">
          <reporter-output>
          </reporter-output>
        </test-method> <!-- automateGUIElements -->
        <test-method is-config="true" signature="tearDown()[pri:0, instance:com.automation.tests.GUIElementsTest@48075da3]" started-at="2026-06-08T18:24:06 IST" name="tearDown" finished-at="2026-06-08T18:24:06 IST" duration-ms="503" status="PASS">
          <reporter-output>
          </reporter-output>
        </test-method> <!-- tearDown -->
      </class> <!-- com.automation.tests.GUIElementsTest -->
    </test> <!-- GUI Automation Test -->
  </suite> <!-- GUI Automation Suite -->
</testng-results>
